[2026-03-14 11:32:35] [LOGIN] User login success: siddharth.justfence@gmail.com | Role: customer
[2026-03-14 12:22:19] [LOGIN] User login success: sahanalokeshjustfence17@gmail.com | Role: customer
[2026-03-14 12:23:35] [LOGIN] User login success: sahanalokesh80@gmail.com | Role: operation_member
[2026-03-14 12:24:56] [PACKAGE] Package assigned to property 10 by operation member 18
[2026-03-14 12:24:56] [VISIT_CREATE] Auto visit created ID 9 for property 10 on 2025-02-14
[2026-03-14 12:27:19] [VISIT_ASSIGN] Visit 9 assigned to engineer 19 for property 10
[2026-03-14 12:28:24] [PACKAGE] Package assigned to property 8 by operation member 18
[2026-03-14 12:28:24] [VISIT_CREATE] Auto visit created ID 10 for property 8 on 2026-03-14
[2026-03-14 12:28:24] [VISIT_CREATE] Auto visit created ID 11 for property 8 on 2026-04-14
[2026-03-14 12:28:24] [VISIT_CREATE] Auto visit created ID 12 for property 8 on 2026-05-14
[2026-03-14 12:28:25] [VISIT_CREATE] Auto visit created ID 13 for property 8 on 2026-06-14
[2026-03-14 12:28:25] [VISIT_CREATE] Auto visit created ID 14 for property 8 on 2026-07-14
[2026-03-14 12:28:25] [VISIT_CREATE] Auto visit created ID 15 for property 8 on 2026-08-14
[2026-03-14 12:28:25] [VISIT_CREATE] Auto visit created ID 16 for property 8 on 2026-09-14
[2026-03-14 12:28:25] [VISIT_CREATE] Auto visit created ID 17 for property 8 on 2026-10-14
[2026-03-14 12:28:25] [VISIT_CREATE] Auto visit created ID 18 for property 8 on 2026-11-14
[2026-03-14 12:28:25] [VISIT_CREATE] Auto visit created ID 19 for property 8 on 2026-12-14
[2026-03-14 12:28:25] [VISIT_CREATE] Auto visit created ID 20 for property 8 on 2027-01-14
[2026-03-14 12:28:25] [VISIT_CREATE] Auto visit created ID 21 for property 8 on 2027-02-14
[2026-03-16 12:02:12] [LOGIN] Login failed for email: sahanalokeshjustfence17@gmail.com
[2026-03-16 12:02:31] [LOGIN] User login success: sahanalokeshjustfence17@gmail.com | Role: customer
[2026-03-16 12:45:09] [LOGIN] User login success: sahanalokesh80@gmail.com | Role: operation_member
[2026-03-16 12:48:33] [LOGIN] User login success: sahanalokesh70@gmail.com | Role: engineer
[2026-03-16 15:27:02] [LOGIN] User login success: sahanalokeshjustfence17@gmail.com | Role: customer
[2026-03-17 11:33:45] [LOGIN] User login success: sahanalokesh70@gmail.com | Role: engineer
[2026-03-17 13:36:53] [LOGIN] User login success: sahanalokesh70@gmail.com | Role: engineer
[2026-03-17 13:37:20] [LOGIN] User login success: sahanalokesh80@gmail.com | Role: operation_member
[2026-03-17 15:39:04] [LOGIN] User login success: sahanalokesh80@gmail.com | Role: operation_member
[2026-03-19 16:12:09] [INFO] FATAL ERROR: Uncaught Error: Call to undefined method PW_Auth::check_login_attempts() in C:\xampp\htdocs\plotwatch\wp-content\plugins\plotwatch-system\includes\class-auth.php:45
Stack trace:
#0 C:\xampp\htdocs\plotwatch\wp-includes\class-wp-hook.php(341): PW_Auth->handle_login('')
#1 C:\xampp\htdocs\plotwatch\wp-includes\class-wp-hook.php(365): WP_Hook->apply_filters(NULL, Array)
#2 C:\xampp\htdocs\plotwatch\wp-includes\plugin.php(522): WP_Hook->do_action(Array)
#3 C:\xampp\htdocs\plotwatch\wp-settings.php(742): do_action('init')
#4 C:\xampp\htdocs\plotwatch\wp-config.php(113): require_once('C:\\xampp\\htdocs...')
#5 C:\xampp\htdocs\plotwatch\wp-load.php(50): require_once('C:\\xampp\\htdocs...')
#6 C:\xampp\htdocs\plotwatch\wp-blog-header.php(13): require_once('C:\\xampp\\htdocs...')
#7 C:\xampp\htdocs\plotwatch\index.php(17): require('C:\\xampp\\htdocs...')
#8 {main}
  thrown | File: C:\xampp\htdocs\plotwatch\wp-content\plugins\plotwatch-system\includes\class-auth.php | Line: 45
[2026-03-19 16:12:21] [INFO] FATAL ERROR: Uncaught Error: Call to undefined method PW_Auth::check_login_attempts() in C:\xampp\htdocs\plotwatch\wp-content\plugins\plotwatch-system\includes\class-auth.php:45
Stack trace:
#0 C:\xampp\htdocs\plotwatch\wp-includes\class-wp-hook.php(341): PW_Auth->handle_login('')
#1 C:\xampp\htdocs\plotwatch\wp-includes\class-wp-hook.php(365): WP_Hook->apply_filters(NULL, Array)
#2 C:\xampp\htdocs\plotwatch\wp-includes\plugin.php(522): WP_Hook->do_action(Array)
#3 C:\xampp\htdocs\plotwatch\wp-settings.php(742): do_action('init')
#4 C:\xampp\htdocs\plotwatch\wp-config.php(113): require_once('C:\\xampp\\htdocs...')
#5 C:\xampp\htdocs\plotwatch\wp-load.php(50): require_once('C:\\xampp\\htdocs...')
#6 C:\xampp\htdocs\plotwatch\wp-blog-header.php(13): require_once('C:\\xampp\\htdocs...')
#7 C:\xampp\htdocs\plotwatch\index.php(17): require('C:\\xampp\\htdocs...')
#8 {main}
  thrown | File: C:\xampp\htdocs\plotwatch\wp-content\plugins\plotwatch-system\includes\class-auth.php | Line: 45
[2026-03-19 16:12:34] [INFO] FATAL ERROR: Uncaught Error: Call to undefined method PW_Auth::check_login_attempts() in C:\xampp\htdocs\plotwatch\wp-content\plugins\plotwatch-system\includes\class-auth.php:45
Stack trace:
#0 C:\xampp\htdocs\plotwatch\wp-includes\class-wp-hook.php(341): PW_Auth->handle_login('')
#1 C:\xampp\htdocs\plotwatch\wp-includes\class-wp-hook.php(365): WP_Hook->apply_filters(NULL, Array)
#2 C:\xampp\htdocs\plotwatch\wp-includes\plugin.php(522): WP_Hook->do_action(Array)
#3 C:\xampp\htdocs\plotwatch\wp-settings.php(742): do_action('init')
#4 C:\xampp\htdocs\plotwatch\wp-config.php(113): require_once('C:\\xampp\\htdocs...')
#5 C:\xampp\htdocs\plotwatch\wp-load.php(50): require_once('C:\\xampp\\htdocs...')
#6 C:\xampp\htdocs\plotwatch\wp-blog-header.php(13): require_once('C:\\xampp\\htdocs...')
#7 C:\xampp\htdocs\plotwatch\index.php(17): require('C:\\xampp\\htdocs...')
#8 {main}
  thrown | File: C:\xampp\htdocs\plotwatch\wp-content\plugins\plotwatch-system\includes\class-auth.php | Line: 45
[2026-03-19 16:12:42] [INFO] FATAL ERROR: Uncaught Error: Call to undefined method PW_Auth::check_login_attempts() in C:\xampp\htdocs\plotwatch\wp-content\plugins\plotwatch-system\includes\class-auth.php:45
Stack trace:
#0 C:\xampp\htdocs\plotwatch\wp-includes\class-wp-hook.php(341): PW_Auth->handle_login('')
#1 C:\xampp\htdocs\plotwatch\wp-includes\class-wp-hook.php(365): WP_Hook->apply_filters(NULL, Array)
#2 C:\xampp\htdocs\plotwatch\wp-includes\plugin.php(522): WP_Hook->do_action(Array)
#3 C:\xampp\htdocs\plotwatch\wp-settings.php(742): do_action('init')
#4 C:\xampp\htdocs\plotwatch\wp-config.php(113): require_once('C:\\xampp\\htdocs...')
#5 C:\xampp\htdocs\plotwatch\wp-load.php(50): require_once('C:\\xampp\\htdocs...')
#6 C:\xampp\htdocs\plotwatch\wp-blog-header.php(13): require_once('C:\\xampp\\htdocs...')
#7 C:\xampp\htdocs\plotwatch\index.php(17): require('C:\\xampp\\htdocs...')
#8 {main}
  thrown | File: C:\xampp\htdocs\plotwatch\wp-content\plugins\plotwatch-system\includes\class-auth.php | Line: 45
[2026-03-19 16:13:07] [INFO] FATAL ERROR: Uncaught Error: Call to undefined method PW_Auth::check_login_attempts() in C:\xampp\htdocs\plotwatch\wp-content\plugins\plotwatch-system\includes\class-auth.php:45
Stack trace:
#0 C:\xampp\htdocs\plotwatch\wp-includes\class-wp-hook.php(341): PW_Auth->handle_login('')
#1 C:\xampp\htdocs\plotwatch\wp-includes\class-wp-hook.php(365): WP_Hook->apply_filters(NULL, Array)
#2 C:\xampp\htdocs\plotwatch\wp-includes\plugin.php(522): WP_Hook->do_action(Array)
#3 C:\xampp\htdocs\plotwatch\wp-settings.php(742): do_action('init')
#4 C:\xampp\htdocs\plotwatch\wp-config.php(113): require_once('C:\\xampp\\htdocs...')
#5 C:\xampp\htdocs\plotwatch\wp-load.php(50): require_once('C:\\xampp\\htdocs...')
#6 C:\xampp\htdocs\plotwatch\wp-blog-header.php(13): require_once('C:\\xampp\\htdocs...')
#7 C:\xampp\htdocs\plotwatch\index.php(17): require('C:\\xampp\\htdocs...')
#8 {main}
  thrown | File: C:\xampp\htdocs\plotwatch\wp-content\plugins\plotwatch-system\includes\class-auth.php | Line: 45
[2026-03-19 16:26:36] [LOGIN] Login failed for email: sahanalokeshjustfence17@gmail.com
[2026-03-19 16:27:01] [LOGIN] User login success: sahanalokeshjustfence17@gmail.com | Role: customer
[2026-03-19 16:27:41] [LOGIN] Login failed for email: sahanalokeshjustfence17@gmail.com
[2026-03-19 16:27:52] [LOGIN] Login failed for email: 
[2026-03-19 16:28:01] [LOGIN] Login failed for email: sahanalokeshjustfence17@gmail.com
[2026-03-19 16:28:13] [LOGIN] Login failed for email: sahanalokeshjustfence17@gmail.com
[2026-03-19 17:54:33] [LOGIN] User login success: sahanalokeshjustfence17@gmail.com | Role: customer
